#
# There is insufficient memory for the Java Runtime Environment to continue.
# Native memory allocation (malloc) failed to allocate 155376 bytes for Chunk::new
# Possible reasons:
#   The system is out of physical RAM or swap space
#   The process is running with CompressedOops enabled, and the Java Heap may be blocking the growth of the native heap
# Possible solutions:
#   Reduce memory load on the system
#   Increase physical memory or swap space
#   Check if swap backing store is full
#   Decrease Java heap size (-Xmx/-Xms)
#   Decrease number of Java threads
#   Decrease Java thread stack sizes (-Xss)
#   Set larger code cache with -XX:ReservedCodeCacheSize=
#   JVM is running with Zero Based Compressed Oops mode in which the Java heap is
#     placed in the first 32GB address space. The Java Heap base address is the
#     maximum limit for the native heap growth. Please use -XX:HeapBaseMinAddress
#     to set the Java Heap base and to place the Java Heap above 32GB virtual address.
# This output file may be truncated or incomplete.
#
#  Out of Memory Error (./open/src/hotspot/share/memory/arena.cpp:197), pid=14300, tid=17132
#
# JRE version: Java(TM) SE Runtime Environment 18.9 (11.0.14+1) (build 11.0.14.0.1+1-LTS-3)
# Java VM: Java HotSpot(TM) 64-Bit Server VM 18.9 (11.0.14.0.1+1-LTS-3, mixed mode, tiered, compressed oops, g1 gc, windows-amd64)
# No core dump will be written. Minidumps are not enabled by default on client versions of Windows
#

---------------  S U M M A R Y ------------

Command Line: -Dmaven.home=EMBEDDED -Dclassworlds.conf=\\ispedcw030d.inf.fedex.com\vdi_oz_u3\4193783\Desktop\GQ_UI Automation Project\.metadata\.plugins\org.eclipse.m2e.launching\launches\m2conf16894391620653722587.tmp -Dmaven.multiModuleProjectDirectory=\\ISPEDCW030D.INF.FEDEX.COM\vdi_oz_u3\4193783\Desktop\GQ_UI Automation Project\gq_ui_testautomation -Dfile.encoding=Cp1252 org.codehaus.plexus.classworlds.launcher.Launcher -B -gs \\ispedcw030d.inf.fedex.com\vdi_oz_u3\4193783\Documents\Maven\new_set.xml -s \\ispedcw030d.inf.fedex.com\vdi_oz_u3\4193783\Documents\Maven\new_set.xml test

Host: Intel(R) Xeon(R) Gold 5120 CPU @ 2.20GHz, 2 cores, 11G,  Windows 10 , 64 bit Build 19041 (10.0.19041.1348)
Time: Thu Mar  3 20:29:20 2022 India Standard Time elapsed time: 62.024877 seconds (0d 0h 1m 2s)

---------------  T H R E A D  ---------------

Current thread (0x000001af5c863000):  JavaThread "C2 CompilerThread0" daemon [_thread_in_native, id=17132, stack(0x0000001d50c00000,0x0000001d50d00000)]


Current CompileTask:
C2:  62025 4434       4       sun.nio.cs.StreamEncoder::writeBytes (132 bytes)

Stack: [0x0000001d50c00000,0x0000001d50d00000]
Native frames: (J=compiled Java code, j=interpreted, Vv=VM code, C=native code)
V  [jvm.dll+0x6296da]
V  [jvm.dll+0x76323f]
V  [jvm.dll+0x7648e9]
V  [jvm.dll+0x764f73]
V  [jvm.dll+0x23d7c8]
V  [jvm.dll+0xb297c]
V  [jvm.dll+0xb2f3c]
V  [jvm.dll+0x340e97]
V  [jvm.dll+0x30e803]
V  [jvm.dll+0x30db4a]
V  [jvm.dll+0x1f8365]
V  [jvm.dll+0x1f754d]
V  [jvm.dll+0x177b21]
V  [jvm.dll+0x206e26]
V  [jvm.dll+0x204fbb]
V  [jvm.dll+0x729170]
V  [jvm.dll+0x721d44]
V  [jvm.dll+0x6285d6]
C  [ucrtbase.dll+0x21bb2]
C  [KERNEL32.DLL+0x17034]
C  [ntdll.dll+0x52651]


---------------  P R O C E S S  ---------------

Threads class SMR info:
_java_thread_list=0x000001af5cf872a0, length=21, elements={
0x000001af3c550800, 0x000001af5bf42000, 0x000001af5c7fe800, 0x000001af5c85d800,
0x000001af5c85f800, 0x000001af5c861000, 0x000001af5c863000, 0x000001af5c8b8800,
0x000001af5c8bf000, 0x000001af5c9d4000, 0x000001af5ce48800, 0x000001af5ce49000,
0x000001af5e1ca800, 0x000001af5e306800, 0x000001af5e68c000, 0x000001af5e359800,
0x000001af5e35a000, 0x000001af5e4b4800, 0x000001af5e254800, 0x000001af5dd12000,
0x000001af5dd10800
}

Java Threads: ( => current thread )
  0x000001af3c550800 JavaThread "main" [_thread_in_native, id=16876, stack(0x0000001d50000000,0x0000001d50100000)]
  0x000001af5bf42000 JavaThread "Reference Handler" daemon [_thread_blocked, id=17596, stack(0x0000001d50700000,0x0000001d50800000)]
  0x000001af5c7fe800 JavaThread "Finalizer" daemon [_thread_blocked, id=17836, stack(0x0000001d50800000,0x0000001d50900000)]
  0x000001af5c85d800 JavaThread "Signal Dispatcher" daemon [_thread_blocked, id=14288, stack(0x0000001d50900000,0x0000001d50a00000)]
  0x000001af5c85f800 JavaThread "Attach Listener" daemon [_thread_blocked, id=17920, stack(0x0000001d50a00000,0x0000001d50b00000)]
  0x000001af5c861000 JavaThread "Service Thread" daemon [_thread_blocked, id=5000, stack(0x0000001d50b00000,0x0000001d50c00000)]
=>0x000001af5c863000 JavaThread "C2 CompilerThread0" daemon [_thread_in_native, id=17132, stack(0x0000001d50c00000,0x0000001d50d00000)]
  0x000001af5c8b8800 JavaThread "C1 CompilerThread0" daemon [_thread_blocked, id=7548, stack(0x0000001d50d00000,0x0000001d50e00000)]
  0x000001af5c8bf000 JavaThread "Sweeper thread" daemon [_thread_blocked, id=15292, stack(0x0000001d50e00000,0x0000001d50f00000)]
  0x000001af5c9d4000 JavaThread "Common-Cleaner" daemon [_thread_blocked, id=9556, stack(0x0000001d51000000,0x0000001d51100000)]
  0x000001af5ce48800 JavaThread "resolver-1" daemon [_thread_blocked, id=16664, stack(0x0000001d51200000,0x0000001d51300000)]
  0x000001af5ce49000 JavaThread "resolver-2" daemon [_thread_blocked, id=572, stack(0x0000001d51300000,0x0000001d51400000)]
  0x000001af5e1ca800 JavaThread "resolver-3" daemon [_thread_blocked, id=15076, stack(0x0000001d51400000,0x0000001d51500000)]
  0x000001af5e306800 JavaThread "resolver-4" daemon [_thread_blocked, id=16156, stack(0x0000001d51500000,0x0000001d51600000)]
  0x000001af5e68c000 JavaThread "resolver-5" daemon [_thread_blocked, id=17252, stack(0x0000001d51600000,0x0000001d51700000)]
  0x000001af5e359800 JavaThread "timeout-check-timer" daemon [_thread_blocked, id=15620, stack(0x0000001d51700000,0x0000001d51800000)]
  0x000001af5e35a000 JavaThread "ping-timer-10s" daemon [_thread_blocked, id=10684, stack(0x0000001d51800000,0x0000001d51900000)]
  0x000001af5e4b4800 JavaThread "ThreadedStreamConsumer" daemon [_thread_blocked, id=14048, stack(0x0000001d51b00000,0x0000001d51c00000)]
  0x000001af5e254800 JavaThread "Thread-1" [_thread_blocked, id=6740, stack(0x0000001d51c00000,0x0000001d51d00000)]
  0x000001af5dd12000 JavaThread "Thread-2" [_thread_in_native, id=11280, stack(0x0000001d51d00000,0x0000001d51e00000)]
  0x000001af5dd10800 JavaThread "Thread-3" [_thread_in_native, id=3264, stack(0x0000001d51e00000,0x0000001d51f00000)]

Other Threads:
  0x000001af5bf3f800 VMThread "VM Thread" [stack: 0x0000001d50600000,0x0000001d50700000] [id=14548]
  0x000001af5c9d2800 WatcherThread [stack: 0x0000001d50f00000,0x0000001d51000000] [id=16676]
  0x000001af3c569800 GCTaskThread "GC Thread#0" [stack: 0x0000001d50100000,0x0000001d50200000] [id=13860]
  0x000001af5d332800 GCTaskThread "GC Thread#1" [stack: 0x0000001d51100000,0x0000001d51200000] [id=17668]
  0x000001af3c5af800 ConcurrentGCThread "G1 Main Marker" [stack: 0x0000001d50200000,0x0000001d50300000] [id=4152]
  0x000001af3c5b3000 ConcurrentGCThread "G1 Conc#0" [stack: 0x0000001d50300000,0x0000001d50400000] [id=14008]
  0x000001af5be2a000 ConcurrentGCThread "G1 Refine#0" [stack: 0x0000001d50400000,0x0000001d50500000] [id=17644]
  0x000001af5be2b000 ConcurrentGCThread "G1 Young RemSet Sampling" [stack: 0x0000001d50500000,0x0000001d50600000] [id=15464]

Threads with active compile tasks:
C2 CompilerThread0  62144 4434       4       sun.nio.cs.StreamEncoder::writeBytes (132 bytes)

VM state:not at safepoint (normal execution)

VM Mutex/Monitor currently owned by a thread: None

Heap address: 0x0000000740000000, size: 3072 MB, Compressed Oops mode: Zero based, Oop shift amount: 3
Narrow klass base: 0x0000000800000000, Narrow klass shift: 0
Compressed class space size: 1073741824 Address: 0x0000000800000000

Heap:
 garbage-first heap   total 196608K, used 49454K [0x0000000740000000, 0x0000000800000000)
  region size 1024K, 47 young (48128K), 9 survivors (9216K)
 Metaspace       used 24867K, capacity 25336K, committed 25472K, reserved 1073152K
  class space    used 2491K, capacity 2679K, committed 2688K, reserved 1048576K
Heap Regions: E=young(eden), S=young(survivor), O=old, HS=humongous(starts), HC=humongous(continues), CS=collection set, F=free, A=archive, TAMS=top-at-mark-start (previous, next)
|   0|0x0000000740000000, 0x0000000740100000, 0x0000000740100000|100%| O|  |TAMS 0x0000000740100000, 0x0000000740000000| Untracked 
|   1|0x0000000740100000, 0x0000000740200000, 0x0000000740200000|100%| O|  |TAMS 0x0000000740200000, 0x0000000740100000| Untracked 
|   2|0x0000000740200000, 0x00000007402db400, 0x0000000740300000| 85%| O|  |TAMS 0x000000074023a200, 0x0000000740200000| Untracked 
|   3|0x0000000740300000, 0x0000000740300000, 0x0000000740400000|  0%| F|  |TAMS 0x0000000740300000, 0x0000000740300000| Untracked 
|   4|0x0000000740400000, 0x0000000740400000, 0x0000000740500000|  0%| F|  |TAMS 0x0000000740400000, 0x0000000740400000| Untracked 
|   5|0x0000000740500000, 0x0000000740500000, 0x0000000740600000|  0%| F|  |TAMS 0x0000000740500000, 0x0000000740500000| Untracked 
|   6|0x0000000740600000, 0x0000000740600000, 0x0000000740700000|  0%| F|  |TAMS 0x0000000740600000, 0x0000000740600000| Untracked 
|   7|0x0000000740700000, 0x0000000740700000, 0x0000000740800000|  0%| F|  |TAMS 0x0000000740700000, 0x0000000740700000| Untracked 
|   8|0x0000000740800000, 0x0000000740800000, 0x0000000740900000|  0%| F|  |TAMS 0x0000000740800000, 0x0000000740800000| Untracked 
|   9|0x0000000740900000, 0x0000000740900000, 0x0000000740a00000|  0%| F|  |TAMS 0x0000000740900000, 0x0000000740900000| Untracked 
|  10|0x0000000740a00000, 0x0000000740a00000, 0x0000000740b00000|  0%| F|  |TAMS 0x0000000740a00000, 0x0000000740a00000| Untracked 
|  11|0x0000000740b00000, 0x0000000740b00000, 0x0000000740c00000|  0%| F|  |TAMS 0x0000000740b00000, 0x0000000740b00000| Untracked 
|  12|0x0000000740c00000, 0x0000000740c00000, 0x0000000740d00000|  0%| F|  |TAMS 0x0000000740c00000, 0x0000000740c00000| Untracked 
|  13|0x0000000740d00000, 0x0000000740d00000, 0x0000000740e00000|  0%| F|  |TAMS 0x0000000740d00000, 0x0000000740d00000| Untracked 
|  14|0x0000000740e00000, 0x0000000740e00000, 0x0000000740f00000|  0%| F|  |TAMS 0x0000000740e00000, 0x0000000740e00000| Untracked 
|  15|0x0000000740f00000, 0x0000000740f00000, 0x0000000741000000|  0%| F|  |TAMS 0x0000000740f00000, 0x0000000740f00000| Untracked 
|  16|0x0000000741000000, 0x0000000741000000, 0x0000000741100000|  0%| F|  |TAMS 0x0000000741000000, 0x0000000741000000| Untracked 
|  17|0x0000000741100000, 0x0000000741100000, 0x0000000741200000|  0%| F|  |TAMS 0x0000000741100000, 0x0000000741100000| Untracked 
|  18|0x0000000741200000, 0x0000000741200000, 0x0000000741300000|  0%| F|  |TAMS 0x0000000741200000, 0x0000000741200000| Untracked 
|  19|0x0000000741300000, 0x0000000741300000, 0x0000000741400000|  0%| F|  |TAMS 0x0000000741300000, 0x0000000741300000| Untracked 
|  20|0x0000000741400000, 0x0000000741400000, 0x0000000741500000|  0%| F|  |TAMS 0x0000000741400000, 0x0000000741400000| Untracked 
|  21|0x0000000741500000, 0x0000000741500000, 0x0000000741600000|  0%| F|  |TAMS 0x0000000741500000, 0x0000000741500000| Untracked 
|  22|0x0000000741600000, 0x0000000741600000, 0x0000000741700000|  0%| F|  |TAMS 0x0000000741600000, 0x0000000741600000| Untracked 
|  23|0x0000000741700000, 0x0000000741700000, 0x0000000741800000|  0%| F|  |TAMS 0x0000000741700000, 0x0000000741700000| Untracked 
|  24|0x0000000741800000, 0x0000000741800000, 0x0000000741900000|  0%| F|  |TAMS 0x0000000741800000, 0x0000000741800000| Untracked 
|  25|0x0000000741900000, 0x0000000741900000, 0x0000000741a00000|  0%| F|  |TAMS 0x0000000741900000, 0x0000000741900000| Untracked 
|  26|0x0000000741a00000, 0x0000000741a00000, 0x0000000741b00000|  0%| F|  |TAMS 0x0000000741a00000, 0x0000000741a00000| Untracked 
|  27|0x0000000741b00000, 0x0000000741b00000, 0x0000000741c00000|  0%| F|  |TAMS 0x0000000741b00000, 0x0000000741b00000| Untracked 
|  28|0x0000000741c00000, 0x0000000741c00000, 0x0000000741d00000|  0%| F|  |TAMS 0x0000000741c00000, 0x0000000741c00000| Untracked 
|  29|0x0000000741d00000, 0x0000000741d00000, 0x0000000741e00000|  0%| F|  |TAMS 0x0000000741d00000, 0x0000000741d00000| Untracked 
|  30|0x0000000741e00000, 0x0000000741e00000, 0x0000000741f00000|  0%| F|  |TAMS 0x0000000741e00000, 0x0000000741e00000| Untracked 
|  31|0x0000000741f00000, 0x0000000741f00000, 0x0000000742000000|  0%| F|  |TAMS 0x0000000741f00000, 0x0000000741f00000| Untracked 
|  32|0x0000000742000000, 0x0000000742000000, 0x0000000742100000|  0%| F|  |TAMS 0x0000000742000000, 0x0000000742000000| Untracked 
|  33|0x0000000742100000, 0x0000000742100000, 0x0000000742200000|  0%| F|  |TAMS 0x0000000742100000, 0x0000000742100000| Untracked 
|  34|0x0000000742200000, 0x0000000742200000, 0x0000000742300000|  0%| F|  |TAMS 0x0000000742200000, 0x0000000742200000| Untracked 
|  35|0x0000000742300000, 0x0000000742300000, 0x0000000742400000|  0%| F|  |TAMS 0x0000000742300000, 0x0000000742300000| Untracked 
|  36|0x0000000742400000, 0x0000000742400000, 0x0000000742500000|  0%| F|  |TAMS 0x0000000742400000, 0x0000000742400000| Untracked 
|  37|0x0000000742500000, 0x0000000742500000, 0x0000000742600000|  0%| F|  |TAMS 0x0000000742500000, 0x0000000742500000| Untracked 
|  38|0x0000000742600000, 0x0000000742600000, 0x0000000742700000|  0%| F|  |TAMS 0x0000000742600000, 0x0000000742600000| Untracked 
|  39|0x0000000742700000, 0x0000000742700000, 0x0000000742800000|  0%| F|  |TAMS 0x0000000742700000, 0x0000000742700000| Untracked 
|  40|0x0000000742800000, 0x0000000742800000, 0x0000000742900000|  0%| F|  |TAMS 0x0000000742800000, 0x0000000742800000| Untracked 
|  41|0x0000000742900000, 0x0000000742900000, 0x0000000742a00000|  0%| F|  |TAMS 0x0000000742900000, 0x0000000742900000| Untracked 
|  42|0x0000000742a00000, 0x0000000742a00000, 0x0000000742b00000|  0%| F|  |TAMS 0x0000000742a00000, 0x0000000742a00000| Untracked 
|  43|0x0000000742b00000, 0x0000000742b00000, 0x0000000742c00000|  0%| F|  |TAMS 0x0000000742b00000, 0x0000000742b00000| Untracked 
|  44|0x0000000742c00000, 0x0000000742c00000, 0x0000000742d00000|  0%| F|  |TAMS 0x0000000742c00000, 0x0000000742c00000| Untracked 
|  45|0x0000000742d00000, 0x0000000742d00000, 0x0000000742e00000|  0%| F|  |TAMS 0x0000000742d00000, 0x0000000742d00000| Untracked 
|  46|0x0000000742e00000, 0x0000000742e00000, 0x0000000742f00000|  0%| F|  |TAMS 0x0000000742e00000, 0x0000000742e00000| Untracked 
|  47|0x0000000742f00000, 0x0000000742f00000, 0x0000000743000000|  0%| F|  |TAMS 0x0000000742f00000, 0x0000000742f00000| Untracked 
|  48|0x0000000743000000, 0x0000000743000000, 0x0000000743100000|  0%| F|  |TAMS 0x0000000743000000, 0x0000000743000000| Untracked 
|  49|0x0000000743100000, 0x0000000743100000, 0x0000000743200000|  0%| F|  |TAMS 0x0000000743100000, 0x0000000743100000| Untracked 
|  50|0x0000000743200000, 0x0000000743200000, 0x0000000743300000|  0%| F|  |TAMS 0x0000000743200000, 0x0000000743200000| Untracked 
|  51|0x0000000743300000, 0x0000000743300000, 0x0000000743400000|  0%| F|  |TAMS 0x0000000743300000, 0x0000000743300000| Untracked 
|  52|0x0000000743400000, 0x0000000743400000, 0x0000000743500000|  0%| F|  |TAMS 0x0000000743400000, 0x0000000743400000| Untracked 
|  53|0x0000000743500000, 0x0000000743500000, 0x0000000743600000|  0%| F|  |TAMS 0x0000000743500000, 0x0000000743500000| Untracked 
|  54|0x0000000743600000, 0x0000000743600000, 0x0000000743700000|  0%| F|  |TAMS 0x0000000743600000, 0x0000000743600000| Untracked 
|  55|0x0000000743700000, 0x0000000743700000, 0x0000000743800000|  0%| F|  |TAMS 0x0000000743700000, 0x0000000743700000| Untracked 
|  56|0x0000000743800000, 0x0000000743800000, 0x0000000743900000|  0%| F|  |TAMS 0x0000000743800000, 0x0000000743800000| Untracked 
|  57|0x0000000743900000, 0x0000000743900000, 0x0000000743a00000|  0%| F|  |TAMS 0x0000000743900000, 0x0000000743900000| Untracked 
|  58|0x0000000743a00000, 0x0000000743a00000, 0x0000000743b00000|  0%| F|  |TAMS 0x0000000743a00000, 0x0000000743a00000| Untracked 
|  59|0x0000000743b00000, 0x0000000743b00000, 0x0000000743c00000|  0%| F|  |TAMS 0x0000000743b00000, 0x0000000743b00000| Untracked 
|  60|0x0000000743c00000, 0x0000000743c00000, 0x0000000743d00000|  0%| F|  |TAMS 0x0000000743c00000, 0x0000000743c00000| Untracked 
|  61|0x0000000743d00000, 0x0000000743d00000, 0x0000000743e00000|  0%| F|  |TAMS 0x0000000743d00000, 0x0000000743d00000| Untracked 
|  62|0x0000000743e00000, 0x0000000743e00000, 0x0000000743f00000|  0%| F|  |TAMS 0x0000000743e00000, 0x0000000743e00000| Untracked 
|  63|0x0000000743f00000, 0x0000000743f00000, 0x0000000744000000|  0%| F|  |TAMS 0x0000000743f00000, 0x0000000743f00000| Untracked 
|  64|0x0000000744000000, 0x0000000744000000, 0x0000000744100000|  0%| F|  |TAMS 0x0000000744000000, 0x0000000744000000| Untracked 
|  65|0x0000000744100000, 0x0000000744100000, 0x0000000744200000|  0%| F|  |TAMS 0x0000000744100000, 0x0000000744100000| Untracked 
|  66|0x0000000744200000, 0x0000000744200000, 0x0000000744300000|  0%| F|  |TAMS 0x0000000744200000, 0x0000000744200000| Untracked 
|  67|0x0000000744300000, 0x0000000744300000, 0x0000000744400000|  0%| F|  |TAMS 0x0000000744300000, 0x0000000744300000| Untracked 
|  68|0x0000000744400000, 0x0000000744400000, 0x0000000744500000|  0%| F|  |TAMS 0x0000000744400000, 0x0000000744400000| Untracked 
|  69|0x0000000744500000, 0x0000000744500000, 0x0000000744600000|  0%| F|  |TAMS 0x0000000744500000, 0x0000000744500000| Untracked 
|  70|0x0000000744600000, 0x0000000744600000, 0x0000000744700000|  0%| F|  |TAMS 0x0000000744600000, 0x0000000744600000| Untracked 
|  71|0x0000000744700000, 0x0000000744700000, 0x0000000744800000|  0%| F|  |TAMS 0x0000000744700000, 0x0000000744700000| Untracked 
|  72|0x0000000744800000, 0x0000000744800000, 0x0000000744900000|  0%| F|  |TAMS 0x0000000744800000, 0x0000000744800000| Untracked 
|  73|0x0000000744900000, 0x0000000744900000, 0x0000000744a00000|  0%| F|  |TAMS 0x0000000744900000, 0x0000000744900000| Untracked 
|  74|0x0000000744a00000, 0x0000000744a00000, 0x0000000744b00000|  0%| F|  |TAMS 0x0000000744a00000, 0x0000000744a00000| Untracked 
|  75|0x0000000744b00000, 0x0000000744b00000, 0x0000000744c00000|  0%| F|  |TAMS 0x0000000744b00000, 0x0000000744b00000| Untracked 
|  76|0x0000000744c00000, 0x0000000744c00000, 0x0000000744d00000|  0%| F|  |TAMS 0x0000000744c00000, 0x0000000744c00000| Untracked 
|  77|0x0000000744d00000, 0x0000000744d00000, 0x0000000744e00000|  0%| F|  |TAMS 0x0000000744d00000, 0x0000000744d00000| Untracked 
|  78|0x0000000744e00000, 0x0000000744e00000, 0x0000000744f00000|  0%| F|  |TAMS 0x0000000744e00000, 0x0000000744e00000| Untracked 
|  79|0x0000000744f00000, 0x0000000744f00000, 0x0000000745000000|  0%| F|  |TAMS 0x0000000744f00000, 0x0000000744f00000| Untracked 
|  80|0x0000000745000000, 0x0000000745000000, 0x0000000745100000|  0%| F|  |TAMS 0x0000000745000000, 0x0000000745000000| Untracked 
|  81|0x0000000745100000, 0x0000000745100000, 0x0000000745200000|  0%| F|  |TAMS 0x0000000745100000, 0x0000000745100000| Untracked 
|  82|0x0000000745200000, 0x0000000745200000, 0x0000000745300000|  0%| F|  |TAMS 0x0000000745200000, 0x0000000745200000| Untracked 
|  83|0x0000000745300000, 0x0000000745300000, 0x0000000745400000|  0%| F|  |TAMS 0x0000000745300000, 0x0000000745300000| Untracked 
|  84|0x0000000745400000, 0x0000000745400000, 0x0000000745500000|  0%| F|  |TAMS 0x0000000745400000, 0x0000000745400000| Untracked 
|  85|0x0000000745500000, 0x0000000745500000, 0x0000000745600000|  0%| F|  |TAMS 0x0000000745500000, 0x0000000745500000| Untracked 
|  86|0x0000000745600000, 0x0000000745600000, 0x0000000745700000|  0%| F|  |TAMS 0x0000000745600000, 0x0000000745600000| Untracked 
|  87|0x0000000745700000, 0x0000000745700000, 0x0000000745800000|  0%| F|  |TAMS 0x0000000745700000, 0x0000000745700000| Untracked 
|  88|0x0000000745800000, 0x0000000745800000, 0x0000000745900000|  0%| F|  |TAMS 0x0000000745800000, 0x0000000745800000| Untracked 
|  89|0x0000000745900000, 0x0000000745900000, 0x0000000745a00000|  0%| F|  |TAMS 0x0000000745900000, 0x0000000745900000| Untracked 
|  90|0x0000000745a00000, 0x0000000745a00000, 0x0000000745b00000|  0%| F|  |TAMS 0x0000000745a00000, 0x0000000745a00000| Untracked 
|  91|0x0000000745b00000, 0x0000000745b00000, 0x0000000745c00000|  0%| F|  |TAMS 0x0000000745b00000, 0x0000000745b00000| Untracked 
|  92|0x0000000745c00000, 0x0000000745c00000, 0x0000000745d00000|  0%| F|  |TAMS 0x0000000745c00000, 0x0000000745c00000| Untracked 
|  93|0x0000000745d00000, 0x0000000745d00000, 0x0000000745e00000|  0%| F|  |TAMS 0x0000000745d00000, 0x0000000745d00000| Untracked 
|  94|0x0000000745e00000, 0x0000000745e00000, 0x0000000745f00000|  0%| F|  |TAMS 0x0000000745e00000, 0x0000000745e00000| Untracked 
|  95|0x0000000745f00000, 0x0000000745f00000, 0x0000000746000000|  0%| F|  |TAMS 0x0000000745f00000, 0x0000000745f00000| Untracked 
|  96|0x0000000746000000, 0x0000000746000000, 0x0000000746100000|  0%| F|  |TAMS 0x0000000746000000, 0x0000000746000000| Untracked 
|  97|0x0000000746100000, 0x0000000746100000, 0x0000000746200000|  0%| F|  |TAMS 0x0000000746100000, 0x0000000746100000| Untracked 
|  98|0x0000000746200000, 0x0000000746200000, 0x0000000746300000|  0%| F|  |TAMS 0x0000000746200000, 0x0000000746200000| Untracked 
|  99|0x0000000746300000, 0x0000000746300000, 0x0000000746400000|  0%| F|  |TAMS 0x0000000746300000, 0x0000000746300000| Untracked 
| 100|0x0000000746400000, 0x0000000746400000, 0x0000000746500000|  0%| F|  |TAMS 0x0000000746400000, 0x0000000746400000| Untracked 
| 101|0x0000000746500000, 0x0000000746500000, 0x0000000746600000|  0%| F|  |TAMS 0x0000000746500000, 0x0000000746500000| Untracked 
| 102|0x0000000746600000, 0x0000000746600000, 0x0000000746700000|  0%| F|  |TAMS 0x0000000746600000, 0x0000000746600000| Untracked 
| 103|0x0000000746700000, 0x0000000746770480, 0x0000000746800000| 43%| S|CS|TAMS 0x0000000746700000, 0x0000000746700000| Complete 
| 104|0x0000000746800000, 0x0000000746900000, 0x0000000746900000|100%| S|CS|TAMS 0x0000000746800000, 0x0000000746800000| Complete 
| 105|0x0000000746900000, 0x0000000746a00000, 0x0000000746a00000|100%| S|CS|TAMS 0x0000000746900000, 0x0000000746900000| Complete 
| 106|0x0000000746a00000, 0x0000000746b00000, 0x0000000746b00000|100%| S|CS|TAMS 0x0000000746a00000, 0x0000000746a00000| Complete 
| 107|0x0000000746b00000, 0x0000000746c00000, 0x0000000746c00000|100%| S|CS|TAMS 0x0000000746b00000, 0x0000000746b00000| Complete 
| 108|0x0000000746c00000, 0x0000000746d00000, 0x0000000746d00000|100%| S|CS|TAMS 0x0000000746c00000, 0x0000000746c00000| Complete 
| 109|0x0000000746d00000, 0x0000000746e00000, 0x0000000746e00000|100%| S|CS|TAMS 0x0000000746d00000, 0x0000000746d00000| Complete 
| 110|0x0000000746e00000, 0x0000000746f00000, 0x0000000746f00000|100%| S|CS|TAMS 0x0000000746e00000, 0x0000000746e00000| Complete 
| 111|0x0000000746f00000, 0x0000000747000000, 0x0000000747000000|100%| S|CS|TAMS 0x0000000746f00000, 0x0000000746f00000| Complete 
| 112|0x0000000747000000, 0x0000000747000000, 0x0000000747100000|  0%| F|  |TAMS 0x0000000747000000, 0x0000000747000000| Untracked 
| 113|0x0000000747100000, 0x0000000747100000, 0x0000000747200000|  0%| F|  |TAMS 0x0000000747100000, 0x0000000747100000| Untracked 
| 114|0x0000000747200000, 0x0000000747200000, 0x0000000747300000|  0%| F|  |TAMS 0x0000000747200000, 0x0000000747200000| Untracked 
| 115|0x0000000747300000, 0x0000000747300000, 0x0000000747400000|  0%| F|  |TAMS 0x0000000747300000, 0x0000000747300000| Untracked 
| 116|0x0000000747400000, 0x0000000747400000, 0x0000000747500000|  0%| F|  |TAMS 0x0000000747400000, 0x0000000747400000| Untracked 
| 117|0x0000000747500000, 0x0000000747500000, 0x0000000747600000|  0%| F|  |TAMS 0x0000000747500000, 0x0000000747500000| Untracked 
| 118|0x0000000747600000, 0x0000000747600000, 0x0000000747700000|  0%| F|  |TAMS 0x0000000747600000, 0x0000000747600000| Untracked 
| 119|0x0000000747700000, 0x0000000747700000, 0x0000000747800000|  0%| F|  |TAMS 0x0000000747700000, 0x0000000747700000| Untracked 
| 120|0x0000000747800000, 0x0000000747800000, 0x0000000747900000|  0%| F|  |TAMS 0x0000000747800000, 0x0000000747800000| Untracked 
| 121|0x0000000747900000, 0x0000000747900000, 0x0000000747a00000|  0%| F|  |TAMS 0x0000000747900000, 0x0000000747900000| Untracked 
| 122|0x0000000747a00000, 0x0000000747a00000, 0x0000000747b00000|  0%| F|  |TAMS 0x0000000747a00000, 0x0000000747a00000| Untracked 
| 123|0x0000000747b00000, 0x0000000747b00000, 0x0000000747c00000|  0%| F|  |TAMS 0x0000000747b00000, 0x0000000747b00000| Untracked 
| 124|0x0000000747c00000, 0x0000000747c00000, 0x0000000747d00000|  0%| F|  |TAMS 0x0000000747c00000, 0x0000000747c00000| Untracked 
| 125|0x0000000747d00000, 0x0000000747d00000, 0x0000000747e00000|  0%| F|  |TAMS 0x0000000747d00000, 0x0000000747d00000| Untracked 
| 126|0x0000000747e00000, 0x0000000747e00000, 0x0000000747f00000|  0%| F|  |TAMS 0x0000000747e00000, 0x0000000747e00000| Untracked 
| 127|0x0000000747f00000, 0x0000000747f00000, 0x0000000748000000|  0%| F|  |TAMS 0x0000000747f00000, 0x0000000747f00000| Untracked 
| 128|0x0000000748000000, 0x0000000748000000, 0x0000000748100000|  0%| F|  |TAMS 0x0000000748000000, 0x0000000748000000| Untracked 
| 129|0x0000000748100000, 0x0000000748100000, 0x0000000748200000|  0%| F|  |TAMS 0x0000000748100000, 0x0000000748100000| Untracked 
| 130|0x0000000748200000, 0x0000000748200000, 0x0000000748300000|  0%| F|  |TAMS 0x0000000748200000, 0x0000000748200000| Untracked 
| 131|0x0000000748300000, 0x0000000748300000, 0x0000000748400000|  0%| F|  |TAMS 0x0000000748300000, 0x0000000748300000| Untracked 
| 132|0x0000000748400000, 0x0000000748400000, 0x0000000748500000|  0%| F|  |TAMS 0x0000000748400000, 0x0000000748400000| Untracked 
| 133|0x0000000748500000, 0x0000000748500000, 0x0000000748600000|  0%| F|  |TAMS 0x0000000748500000, 0x0000000748500000| Untracked 
| 134|0x0000000748600000, 0x0000000748600000, 0x0000000748700000|  0%| F|  |TAMS 0x0000000748600000, 0x0000000748600000| Untracked 
| 135|0x0000000748700000, 0x0000000748700000, 0x0000000748800000|  0%| F|  |TAMS 0x0000000748700000, 0x0000000748700000| Untracked 
| 136|0x0000000748800000, 0x0000000748800000, 0x0000000748900000|  0%| F|  |TAMS 0x0000000748800000, 0x0000000748800000| Untracked 
| 137|0x0000000748900000, 0x0000000748900000, 0x0000000748a00000|  0%| F|  |TAMS 0x0000000748900000, 0x0000000748900000| Untracked 
| 138|0x0000000748a00000, 0x0000000748a00000, 0x0000000748b00000|  0%| F|  |TAMS 0x0000000748a00000, 0x0000000748a00000| Untracked 
| 139|0x0000000748b00000, 0x0000000748b00000, 0x0000000748c00000|  0%| F|  |TAMS 0x0000000748b00000, 0x0000000748b00000| Untracked 
| 140|0x0000000748c00000, 0x0000000748c00000, 0x0000000748d00000|  0%| F|  |TAMS 0x0000000748c00000, 0x0000000748c00000| Untracked 
| 141|0x0000000748d00000, 0x0000000748d00000, 0x0000000748e00000|  0%| F|  |TAMS 0x0000000748d00000, 0x0000000748d00000| Untracked 
| 142|0x0000000748e00000, 0x0000000748e00000, 0x0000000748f00000|  0%| F|  |TAMS 0x0000000748e00000, 0x0000000748e00000| Untracked 
| 143|0x0000000748f00000, 0x0000000748f00000, 0x0000000749000000|  0%| F|  |TAMS 0x0000000748f00000, 0x0000000748f00000| Untracked 
| 144|0x0000000749000000, 0x0000000749000000, 0x0000000749100000|  0%| F|  |TAMS 0x0000000749000000, 0x0000000749000000| Untracked 
| 145|0x0000000749100000, 0x0000000749100000, 0x0000000749200000|  0%| F|  |TAMS 0x0000000749100000, 0x0000000749100000| Untracked 
| 146|0x0000000749200000, 0x0000000749200000, 0x0000000749300000|  0%| F|  |TAMS 0x0000000749200000, 0x0000000749200000| Untracked 
| 147|0x0000000749300000, 0x0000000749300000, 0x0000000749400000|  0%| F|  |TAMS 0x0000000749300000, 0x0000000749300000| Untracked 
| 148|0x0000000749400000, 0x0000000749400000, 0x0000000749500000|  0%| F|  |TAMS 0x0000000749400000, 0x0000000749400000| Untracked 
| 149|0x0000000749500000, 0x0000000749500000, 0x0000000749600000|  0%| F|  |TAMS 0x0000000749500000, 0x0000000749500000| Untracked 
| 150|0x0000000749600000, 0x0000000749600000, 0x0000000749700000|  0%| F|  |TAMS 0x0000000749600000, 0x0000000749600000| Untracked 
| 151|0x0000000749700000, 0x0000000749700000, 0x0000000749800000|  0%| F|  |TAMS 0x0000000749700000, 0x0000000749700000| Untracked 
| 152|0x0000000749800000, 0x0000000749800000, 0x0000000749900000|  0%| F|  |TAMS 0x0000000749800000, 0x0000000749800000| Untracked 
| 153|0x0000000749900000, 0x0000000749900000, 0x0000000749a00000|  0%| F|  |TAMS 0x0000000749900000, 0x0000000749900000| Untracked 
| 154|0x0000000749a00000, 0x0000000749a80800, 0x0000000749b00000| 50%| E|  |TAMS 0x0000000749a00000, 0x0000000749a00000| Complete 
| 155|0x0000000749b00000, 0x0000000749c00000, 0x0000000749c00000|100%| E|CS|TAMS 0x0000000749b00000, 0x0000000749b00000| Complete 
| 156|0x0000000749c00000, 0x0000000749d00000, 0x0000000749d00000|100%| E|CS|TAMS 0x0000000749c00000, 0x0000000749c00000| Complete 
| 157|0x0000000749d00000, 0x0000000749e00000, 0x0000000749e00000|100%| E|CS|TAMS 0x0000000749d00000, 0x0000000749d00000| Complete 
| 158|0x0000000749e00000, 0x0000000749f00000, 0x0000000749f00000|100%| E|CS|TAMS 0x0000000749e00000, 0x0000000749e00000| Complete 
| 159|0x0000000749f00000, 0x000000074a000000, 0x000000074a000000|100%| E|CS|TAMS 0x0000000749f00000, 0x0000000749f00000| Complete 
| 160|0x000000074a000000, 0x000000074a100000, 0x000000074a100000|100%| E|CS|TAMS 0x000000074a000000, 0x000000074a000000| Complete 
| 161|0x000000074a100000, 0x000000074a200000, 0x000000074a200000|100%| E|CS|TAMS 0x000000074a100000, 0x000000074a100000| Complete 
| 162|0x000000074a200000, 0x000000074a300000, 0x000000074a300000|100%| E|CS|TAMS 0x000000074a200000, 0x000000074a200000| Complete 
| 163|0x000000074a300000, 0x000000074a400000, 0x000000074a400000|100%| E|CS|TAMS 0x000000074a300000, 0x000000074a300000| Complete 
| 164|0x000000074a400000, 0x000000074a500000, 0x000000074a500000|100%| E|CS|TAMS 0x000000074a400000, 0x000000074a400000| Complete 
| 165|0x000000074a500000, 0x000000074a600000, 0x000000074a600000|100%| E|CS|TAMS 0x000000074a500000, 0x000000074a500000| Complete 
| 166|0x000000074a600000, 0x000000074a700000, 0x000000074a700000|100%| E|CS|TAMS 0x000000074a600000, 0x000000074a600000| Complete 
| 167|0x000000074a700000, 0x000000074a800000, 0x000000074a800000|100%| E|CS|TAMS 0x000000074a700000, 0x000000074a700000| Complete 
| 168|0x000000074a800000, 0x000000074a900000, 0x000000074a900000|100%| E|CS|TAMS 0x000000074a800000, 0x000000074a800000| Complete 
| 169|0x000000074a900000, 0x000000074aa00000, 0x000000074aa00000|100%| E|CS|TAMS 0x000000074a900000, 0x000000074a900000| Complete 
| 170|0x000000074aa00000, 0x000000074ab00000, 0x000000074ab00000|100%| E|CS|TAMS 0x000000074aa00000, 0x000000074aa00000| Complete 
| 171|0x000000074ab00000, 0x000000074ac00000, 0x000000074ac00000|100%| E|CS|TAMS 0x000000074ab00000, 0x000000074ab00000| Complete 
| 172|0x000000074ac00000, 0x000000074ad00000, 0x000000074ad00000|100%| E|CS|TAMS 0x000000074ac00000, 0x000000074ac00000| Complete 
| 173|0x000000074ad00000, 0x000000074ae00000, 0x000000074ae00000|100%| E|CS|TAMS 0x000000074ad00000, 0x000000074ad00000| Complete 
| 174|0x000000074ae00000, 0x000000074af00000, 0x000000074af00000|100%| E|CS|TAMS 0x000000074ae00000, 0x000000074ae00000| Complete 
| 175|0x000000074af00000, 0x000000074b000000, 0x000000074b000000|100%| E|CS|TAMS 0x000000074af00000, 0x000000074af00000| Complete 
| 176|0x000000074b000000, 0x000000074b100000, 0x000000074b100000|100%| E|CS|TAMS 0x000000074b000000, 0x000000074b000000| Complete 
| 177|0x000000074b100000, 0x000000074b200000, 0x000000074b200000|100%| E|CS|TAMS 0x000000074b100000, 0x000000074b100000| Complete 
| 178|0x000000074b200000, 0x000000074b300000, 0x000000074b300000|100%| E|CS|TAMS 0x000000074b200000, 0x000000074b200000| Complete 
| 179|0x000000074b300000, 0x000000074b400000, 0x000000074b400000|100%| E|CS|TAMS 0x000000074b300000, 0x000000074b300000| Complete 
| 180|0x000000074b400000, 0x000000074b500000, 0x000000074b500000|100%| E|CS|TAMS 0x000000074b400000, 0x000000074b400000| Complete 
| 181|0x000000074b500000, 0x000000074b600000, 0x000000074b600000|100%| E|CS|TAMS 0x000000074b500000, 0x000000074b500000| Complete 
| 182|0x000000074b600000, 0x000000074b700000, 0x000000074b700000|100%| E|CS|TAMS 0x000000074b600000, 0x000000074b600000| Complete 
| 183|0x000000074b700000, 0x000000074b800000, 0x000000074b800000|100%| E|CS|TAMS 0x000000074b700000, 0x000000074b700000| Complete 
| 184|0x000000074b800000, 0x000000074b900000, 0x000000074b900000|100%| E|CS|TAMS 0x000000074b800000, 0x000000074b800000| Complete 
| 185|0x000000074b900000, 0x000000074ba00000, 0x000000074ba00000|100%| E|CS|TAMS 0x000000074b900000, 0x000000074b900000| Complete 
| 186|0x000000074ba00000, 0x000000074bb00000, 0x000000074bb00000|100%| E|CS|TAMS 0x000000074ba00000, 0x000000074ba00000| Complete 
| 187|0x000000074bb00000, 0x000000074bc00000, 0x000000074bc00000|100%| E|CS|TAMS 0x000000074bb00000, 0x000000074bb00000| Complete 
| 188|0x000000074bc00000, 0x000000074bd00000, 0x000000074bd00000|100%| E|CS|TAMS 0x000000074bc00000, 0x000000074bc00000| Complete 
| 189|0x000000074bd00000, 0x000000074be00000, 0x000000074be00000|100%| E|CS|TAMS 0x000000074bd00000, 0x000000074bd00000| Complete 
| 190|0x000000074be00000, 0x000000074bf00000, 0x000000074bf00000|100%| E|CS|TAMS 0x000000074be00000, 0x000000074be00000| Complete 
| 191|0x000000074bf00000, 0x000000074c000000, 0x000000074c000000|100%| E|CS|TAMS 0x000000074bf00000, 0x000000074bf00000| Complete 

Card table byte_map: [0x000001af53170000,0x000001af53770000] _byte_map_base: 0x000001af4f770000

Marking Bits (Prev, Next): (CMBitMap*) 0x000001af3c5a1a20, (CMBitMap*) 0x000001af3c5a19e8
 Prev Bits: [0x000001af56d70000, 0x000001af59d70000)
 Next Bits: [0x000001af53d70000, 0x000001af56d70000)

Polling page: 0x000001af3a160000

Metaspace:

Usage:
  Non-class:     22.13 MB capacity,    21.85 MB ( 99%) used,   250.54 KB (  1%) free+waste,    30.44 KB ( <1%) overhead. 
      Class:      2.62 MB capacity,     2.43 MB ( 93%) used,   175.89 KB (  7%) free+waste,    12.06 KB ( <1%) overhead. 
       Both:     24.74 MB capacity,    24.28 MB ( 98%) used,   426.43 KB (  2%) free+waste,    42.50 KB ( <1%) overhead. 

Virtual space:
  Non-class space:       24.00 MB reserved,      22.25 MB ( 93%) committed 
      Class space:        1.00 GB reserved,       2.63 MB ( <1%) committed 
             Both:        1.02 GB reserved,      24.88 MB (  2%) committed 

Chunk freelists:
   Non-Class:  0 bytes
       Class:  1.13 KB
        Both:  1.13 KB

CodeHeap 'non-profiled nmethods': size=120064Kb used=2473Kb max_used=2473Kb free=117590Kb
 bounds [0x000001af4b630000, 0x000001af4b8a0000, 0x000001af52b70000]
CodeHeap 'profiled nmethods': size=120000Kb used=10326Kb max_used=10326Kb free=109673Kb
 bounds [0x000001af44100000, 0x000001af44b20000, 0x000001af4b630000]
CodeHeap 'non-nmethods': size=5696Kb used=1131Kb max_used=1166Kb free=4564Kb
 bounds [0x000001af43b70000, 0x000001af43de0000, 0x000001af44100000]
 total_blobs=4879 nmethods=4431 adapters=359
 compilation: enabled
              stopped_count=0, restarted_count=0
 full_count=0

Compilation events (10 events):
Event: 61.757 Thread 0x000001af5c863000 nmethod 4429 0x000001af4b89a210 code [0x000001af4b89a380, 0x000001af4b89a3f8]
Event: 61.972 Thread 0x000001af5c8b8800 4430       3       java.io.PrintWriter::write (9 bytes)
Event: 61.972 Thread 0x000001af5c8b8800 nmethod 4430 0x000001af44b13d10 code [0x000001af44b13ec0, 0x000001af44b14008]
Event: 61.973 Thread 0x000001af5c863000 4431       4       org.apache.maven.plugin.surefire.report.StatelessXmlReporter::isIllegalEscape (5 bytes)
Event: 61.974 Thread 0x000001af5c863000 nmethod 4431 0x000001af4b89a490 code [0x000001af4b89a600, 0x000001af4b89a678]
Event: 61.974 Thread 0x000001af5c8b8800 4432   !   3       sun.nio.cs.StreamEncoder::write (78 bytes)
Event: 61.975 Thread 0x000001af5c8b8800 nmethod 4432 0x000001af44b14110 code [0x000001af44b14360, 0x000001af44b14e88]
Event: 61.979 Thread 0x000001af5c8b8800 4433       3       java.io.PrintWriter::write (11 bytes)
Event: 61.979 Thread 0x000001af5c8b8800 nmethod 4433 0x000001af44b15490 code [0x000001af44b15640, 0x000001af44b15888]
Event: 61.996 Thread 0x000001af5c863000 4434       4       sun.nio.cs.StreamEncoder::writeBytes (132 bytes)

GC Heap History (10 events):
Event: 2.774 GC heap before
{Heap before GC invocations=1 (full 0):
 garbage-first heap   total 196608K, used 8437K [0x0000000740000000, 0x0000000800000000)
  region size 1024K, 9 young (9216K), 2 survivors (2048K)
 Metaspace       used 11740K, capacity 11940K, committed 12032K, reserved 1060864K
  class space    used 1119K, capacity 1194K, committed 1280K, reserved 1048576K
}
Event: 2.781 GC heap after
{Heap after GC invocations=2 (full 0):
 garbage-first heap   total 196608K, used 3070K [0x0000000740000000, 0x0000000800000000)
  region size 1024K, 1 young (1024K), 1 survivors (1024K)
 Metaspace       used 11740K, capacity 11940K, committed 12032K, reserved 1060864K
  class space    used 1119K, capacity 1194K, committed 1280K, reserved 1048576K
}
Event: 3.558 GC heap before
{Heap before GC invocations=2 (full 0):
 garbage-first heap   total 196608K, used 17406K [0x0000000740000000, 0x0000000800000000)
  region size 1024K, 15 young (15360K), 1 survivors (1024K)
 Metaspace       used 13550K, capacity 13744K, committed 14080K, reserved 1062912K
  class space    used 1370K, capacity 1454K, committed 1536K, reserved 1048576K
}
Event: 3.563 GC heap after
{Heap after GC invocations=3 (full 0):
 garbage-first heap   total 196608K, used 3663K [0x0000000740000000, 0x0000000800000000)
  region size 1024K, 2 young (2048K), 2 survivors (2048K)
 Metaspace       used 13550K, capacity 13744K, committed 14080K, reserved 1062912K
  class space    used 1370K, capacity 1454K, committed 1536K, reserved 1048576K
}
Event: 4.574 GC heap before
{Heap before GC invocations=3 (full 0):
 garbage-first heap   total 196608K, used 24143K [0x0000000740000000, 0x0000000800000000)
  region size 1024K, 22 young (22528K), 2 survivors (2048K)
 Metaspace       used 16613K, capacity 16806K, committed 17024K, reserved 1064960K
  class space    used 1744K, capacity 1852K, committed 1920K, reserved 1048576K
}
Event: 4.581 GC heap after
{Heap after GC invocations=4 (full 0):
 garbage-first heap   total 196608K, used 4675K [0x0000000740000000, 0x0000000800000000)
  region size 1024K, 3 young (3072K), 3 survivors (3072K)
 Metaspace       used 16613K, capacity 16806K, committed 17024K, reserved 1064960K
  class space    used 1744K, capacity 1852K, committed 1920K, reserved 1048576K
}
Event: 12.684 GC heap before
{Heap before GC invocations=4 (full 0):
 garbage-first heap   total 196608K, used 51779K [0x0000000740000000, 0x0000000800000000)
  region size 1024K, 50 young (51200K), 3 survivors (3072K)
 Metaspace       used 20947K, capacity 21214K, committed 21248K, reserved 1069056K
  class space    used 2177K, capacity 2285K, committed 2304K, reserved 1048576K
}
Event: 12.701 GC heap after
{Heap after GC invocations=5 (full 0):
 garbage-first heap   total 196608K, used 7789K [0x0000000740000000, 0x0000000800000000)
  region size 1024K, 6 young (6144K), 6 survivors (6144K)
 Metaspace       used 20947K, capacity 21214K, committed 21248K, reserved 1069056K
  class space    used 2177K, capacity 2285K, committed 2304K, reserved 1048576K
}
Event: 27.682 GC heap before
{Heap before GC invocations=6 (full 0):
 garbage-first heap   total 196608K, used 83565K [0x0000000740000000, 0x0000000800000000)
  region size 1024K, 80 young (81920K), 6 survivors (6144K)
 Metaspace       used 22898K, capacity 23410K, committed 23552K, reserved 1071104K
  class space    used 2318K, capacity 2503K, committed 2560K, reserved 1048576K
}
Event: 27.715 GC heap after
{Heap after GC invocations=7 (full 0):
 garbage-first heap   total 196608K, used 11566K [0x0000000740000000, 0x0000000800000000)
  region size 1024K, 9 young (9216K), 9 survivors (9216K)
 Metaspace       used 22898K, capacity 23410K, committed 23552K, reserved 1071104K
  class space    used 2318K, capacity 2503K, committed 2560K, reserved 1048576K
}

Deoptimization events (10 events):
Event: 31.020 Thread 0x000001af3c550800 Uncommon trap: reason=class_check action=maybe_recompile pc=0x000001af4b75e38c method=java.util.Collections$UnmodifiableMap$UnmodifiableEntrySet$UnmodifiableEntry.getValue()Ljava/lang/Object; @ 4 c2
Event: 31.020 Thread 0x000001af3c550800 Uncommon trap: reason=class_check action=maybe_recompile pc=0x000001af4b758714 method=java.util.Collections$UnmodifiableMap$UnmodifiableEntrySet$1.hasNext()Z @ 4 c2
Event: 31.020 Thread 0x000001af3c550800 Uncommon trap: reason=class_check action=maybe_recompile pc=0x000001af4b759ebc method=java.util.Collections$UnmodifiableMap$UnmodifiableEntrySet$1.next()Ljava/util/Map$Entry; @ 8 c2
Event: 31.020 Thread 0x000001af3c550800 Uncommon trap: reason=class_check action=maybe_recompile pc=0x000001af4b75a48c method=java.util.Collections$UnmodifiableMap$UnmodifiableEntrySet$UnmodifiableEntry.getKey()Ljava/lang/Object; @ 4 c2
Event: 31.020 Thread 0x000001af3c550800 Uncommon trap: reason=class_check action=maybe_recompile pc=0x000001af4b75e38c method=java.util.Collections$UnmodifiableMap$UnmodifiableEntrySet$UnmodifiableEntry.getValue()Ljava/lang/Object; @ 4 c2
Event: 34.733 Thread 0x000001af5e4b4800 Uncommon trap: reason=unstable_if action=reinterpret pc=0x000001af4b83b748 method=java.util.StringTokenizer.nextToken()Ljava/lang/String; @ 5 c2
Event: 42.881 Thread 0x000001af5e4b4800 Uncommon trap: reason=unstable_if action=reinterpret pc=0x000001af4b782ff0 method=java.lang.ThreadLocal.get()Ljava/lang/Object; @ 11 c2
Event: 42.881 Thread 0x000001af5e4b4800 Uncommon trap: reason=unstable_if action=reinterpret pc=0x000001af4b758ae8 method=java.nio.charset.CharsetDecoder.decode(Ljava/nio/ByteBuffer;Ljava/nio/CharBuffer;Z)Ljava/nio/charset/CoderResult; @ 1 c2
Event: 53.770 Thread 0x000001af5dd12000 Uncommon trap: reason=unstable_if action=reinterpret pc=0x000001af4b885510 method=java.io.BufferedReader.readLine(Z)Ljava/lang/String; @ 265 c2
Event: 60.900 Thread 0x000001af5e4b4800 Uncommon trap: reason=unstable_if action=reinterpret pc=0x000001af4b896904 method=sun.nio.cs.StreamEncoder.write([CII)V @ 49 c2

Classes redefined (0 events):
No events

Internal exceptions (10 events):
Event: 5.280 Thread 0x000001af3c550800 Exception <a 'java/lang/NoClassDefFoundError'{0x000000074b65bfe8}: javax/annotation/Priority> (0x000000074b65bfe8) thrown at [./open/src/hotspot/share/classfile/systemDictionary.cpp, line 215]
Event: 17.483 Thread 0x000001af3c550800 Implicit null exception at 0x000001af4b6add55 to 0x000001af4b6adf3c
Event: 17.485 Thread 0x000001af3c550800 Implicit null exception at 0x000001af4b6bdcaf to 0x000001af4b6bdd29
Event: 27.820 Thread 0x000001af3c550800 Exception <a 'java/lang/NoSuchMethodError'{0x000000074bc5f248}: org.apache.maven.execution.MavenExecutionRequest.getFailureBehavior()Ljava/lang/String;> (0x000000074bc5f248) thrown at [./open/src/hotspot/share/interpreter/linkResolver.cpp, line 864]
Event: 31.073 Thread 0x000001af3c550800 Exception <a 'java/lang/NoSuchMethodError'{0x000000074a0d6cb0}: java.lang.invoke.DirectMethodHandle$Holder.invokeStatic(Ljava/lang/Object;J)V> (0x000000074a0d6cb0) thrown at [./open/src/hotspot/share/interpreter/linkResolver.cpp, line 772]
Event: 31.074 Thread 0x000001af3c550800 Exception <a 'java/lang/NoSuchMethodError'{0x000000074a0dbef8}: java.lang.invoke.DirectMethodHandle$Holder.invokeStatic(Ljava/lang/Object;J)Ljava/lang/Object;> (0x000000074a0dbef8) thrown at [./open/src/hotspot/share/interpreter/linkResolver.cpp, line 772
Event: 31.077 Thread 0x000001af3c550800 Exception <a 'java/lang/NoSuchMethodError'{0x000000074a0ea350}: java.lang.invoke.DirectMethodHandle$Holder.invokeStaticInit(Ljava/lang/Object;Ljava/lang/Object;JLjava/lang/Object;)Ljava/lang/Object;> (0x000000074a0ea350) thrown at [./open/src/hotspot/shar
Event: 31.078 Thread 0x000001af3c550800 Exception <a 'java/lang/NoSuchMethodError'{0x000000074a0f0270}: java.lang.invoke.DirectMethodHandle$Holder.invokeStatic(Ljava/lang/Object;Ljava/lang/Object;J)Ljava/lang/Object;> (0x000000074a0f0270) thrown at [./open/src/hotspot/share/interpreter/linkReso
Event: 31.081 Thread 0x000001af3c550800 Exception <a 'java/lang/NoSuchMethodError'{0x000000074a0f6540}: java.lang.invoke.Invokers$Holder.linkToTargetMethod(Ljava/lang/Object;JLjava/lang/Object;)Ljava/lang/Object;> (0x000000074a0f6540) thrown at [./open/src/hotspot/share/interpreter/linkResolver
Event: 42.881 Thread 0x000001af5e4b4800 Implicit null exception at 0x000001af4b782eed to 0x000001af4b782fe0

Events (10 events):
Event: 61.991 Executing VM operation: RevokeBias
Event: 61.991 Executing VM operation: RevokeBias done
Event: 61.991 Executing VM operation: RevokeBias
Event: 61.992 Executing VM operation: RevokeBias done
Event: 61.992 loading class org/apache/maven/plugin/surefire/report/ConsoleReporter$1
Event: 61.992 loading class org/apache/maven/plugin/surefire/report/ConsoleReporter$1 done
Event: 61.992 loading class org/apache/maven/plugin/surefire/report/ConsoleReporter$1
Event: 61.992 loading class org/apache/maven/plugin/surefire/report/ConsoleReporter$1 done
Event: 61.992 loading class org/apache/maven/plugin/surefire/report/ConsoleReporter$1
Event: 61.992 loading class org/apache/maven/plugin/surefire/report/ConsoleReporter$1 done


Dynamic libraries:
0x00007ff635c20000 - 0x00007ff635c2f000 	C:\Program Files\Java\jdk11\bin\javaw.exe
0x00007ffe744b0000 - 0x00007ffe746a5000 	C:\WINDOWS\SYSTEM32\ntdll.dll
0x00007ffe72620000 - 0x00007ffe726de000 	C:\WINDOWS\System32\KERNEL32.DLL
0x00007ffe71e40000 - 0x00007ffe72108000 	C:\WINDOWS\System32\KERNELBASE.dll
0x00007ffe71cb0000 - 0x00007ffe71db0000 	C:\WINDOWS\System32\ucrtbase.dll
0x00007ffe2fd80000 - 0x00007ffe2fd98000 	C:\Program Files\Java\jdk11\bin\jli.dll
0x00007ffe2b6b0000 - 0x00007ffe2b6c5000 	C:\Program Files\Java\jdk11\bin\VCRUNTIME140.dll
0x00007ffe741c0000 - 0x00007ffe7426c000 	C:\WINDOWS\System32\ADVAPI32.dll
0x00007ffe74370000 - 0x00007ffe7440e000 	C:\WINDOWS\System32\msvcrt.dll
0x00007ffe72a90000 - 0x00007ffe72b2b000 	C:\WINDOWS\System32\sechost.dll
0x00007ffe724f0000 - 0x00007ffe7261a000 	C:\WINDOWS\System32\RPCRT4.dll
0x00007ffe738c0000 - 0x00007ffe73a61000 	C:\WINDOWS\System32\USER32.dll
0x00007ffe6fa40000 - 0x00007ffe6fcda000 	C:\WINDOWS\WinSxS\amd64_microsoft.windows.common-controls_6595b64144ccf1df_6.0.19041.1110_none_60b5254171f9507e\COMCTL32.dll
0x00007ffe71db0000 - 0x00007ffe71dd2000 	C:\WINDOWS\System32\win32u.dll
0x00007ffe72700000 - 0x00007ffe7272b000 	C:\WINDOWS\System32\GDI32.dll
0x00007ffe72300000 - 0x00007ffe7240d000 	C:\WINDOWS\System32\gdi32full.dll
0x00007ffe717a0000 - 0x00007ffe717aa000 	C:\WINDOWS\SYSTEM32\VERSION.dll
0x00007ffe71bc0000 - 0x00007ffe71c5d000 	C:\WINDOWS\System32\msvcp_win.dll
0x00007ffe73490000 - 0x00007ffe734c0000 	C:\WINDOWS\System32\IMM32.DLL
0x00007ffe719d0000 - 0x00007ffe71a08000 	C:\Program Files\Citrix\System32\MfApHook64.dll
0x00007ffe71900000 - 0x00007ffe71912000 	C:\Program Files\Citrix\IcaService\FullScreenHook64.dll
0x00007ffe1c740000 - 0x00007ffe1c7db000 	C:\Program Files\Java\jdk11\bin\MSVCP140.dll
0x00007ffe71410000 - 0x00007ffe7143a000 	C:\Program Files\Citrix\ICAService\ShellHook64.dll
0x00007ffe74310000 - 0x00007ffe74365000 	C:\WINDOWS\System32\SHLWAPI.dll
0x00007ffe71300000 - 0x00007ffe7140f000 	C:\Program Files\Citrix\IcaService\SCardHook64.dll
0x00007ffe71150000 - 0x00007ffe71170000 	C:\Program Files\Citrix\ICAService\cxinjime64.dll
0x00007ffe71120000 - 0x00007ffe71146000 	C:\Program Files\Citrix\ICAService\PicaWtsHook64.dll
0x00007ffe45550000 - 0x00007ffe455f4000 	C:\Program Files\McAfee\Endpoint Security\Threat Prevention\Ips\EpMPApi.dll
0x00007ffe71de0000 - 0x00007ffe71e40000 	C:\WINDOWS\System32\WINTRUST.dll
0x00007ffe721a0000 - 0x00007ffe722f6000 	C:\WINDOWS\System32\CRYPT32.dll
0x00007ffe70f60000 - 0x00007ffe70f72000 	C:\WINDOWS\SYSTEM32\MSASN1.dll
0x00000000659f0000 - 0x00000000659fc000 	C:\Program Files\McAfee\Endpoint Security\Threat Prevention\Ips\EpMPThe.dll
0x00007ffe005d0000 - 0x00007ffe010e6000 	C:\Program Files\Java\jdk11\bin\server\jvm.dll
0x00007ffe726e0000 - 0x00007ffe726e8000 	C:\WINDOWS\System32\PSAPI.DLL
0x00007ffe63b70000 - 0x00007ffe63b79000 	C:\WINDOWS\SYSTEM32\WSOCK32.dll
0x00007ffe73850000 - 0x00007ffe738bb000 	C:\WINDOWS\System32\WS2_32.dll
0x00007ffe6a900000 - 0x00007ffe6a927000 	C:\WINDOWS\SYSTEM32\WINMM.dll
0x00007ffe6fa20000 - 0x00007ffe6fa32000 	C:\WINDOWS\SYSTEM32\kernel.appcore.dll
0x00007ffe43f70000 - 0x00007ffe43f80000 	C:\Program Files\Java\jdk11\bin\verify.dll
0x00007ffe6ed80000 - 0x00007ffe6ef64000 	C:\WINDOWS\SYSTEM32\DBGHELP.DLL
0x00007ffe68ba0000 - 0x00007ffe68bcc000 	C:\WINDOWS\SYSTEM32\dbgcore.DLL
0x00007ffe72110000 - 0x00007ffe72192000 	C:\WINDOWS\System32\bcryptPrimitives.dll
0x00007ffe30030000 - 0x00007ffe30058000 	C:\Program Files\Java\jdk11\bin\java.dll
0x00007ffe3f0e0000 - 0x00007ffe3f0ea000 	C:\Program Files\Java\jdk11\bin\jimage.dll
0x00007ffe2fc40000 - 0x00007ffe2fc56000 	C:\Program Files\Java\jdk11\bin\zip.dll
0x0000000065590000 - 0x00000000655f1000 	C:\WINDOWS\SYSTEM32\vmGuestLib.DLL
0x00007ffe5bea0000 - 0x00007ffe5beaa000 	C:\WINDOWS\system32\vsocklib.dll
0x00007ffe73a70000 - 0x00007ffe741b4000 	C:\WINDOWS\System32\SHELL32.dll
0x00007ffe6ef70000 - 0x00007ffe6f704000 	C:\WINDOWS\SYSTEM32\windows.storage.dll
0x00007ffe72730000 - 0x00007ffe72a85000 	C:\WINDOWS\System32\combase.dll
0x00007ffe70dd0000 - 0x00007ffe70dfe000 	C:\WINDOWS\SYSTEM32\Wldp.dll
0x00007ffe73380000 - 0x00007ffe7342d000 	C:\WINDOWS\System32\SHCORE.dll
0x00007ffe71b00000 - 0x00007ffe71b1f000 	C:\WINDOWS\SYSTEM32\profapi.dll
0x00007ffe2f760000 - 0x00007ffe2f779000 	C:\Program Files\Java\jdk11\bin\net.dll
0x00007ffe6b8d0000 - 0x00007ffe6b9dc000 	C:\WINDOWS\SYSTEM32\WINHTTP.dll
0x00007ffe70b30000 - 0x00007ffe70b9a000 	C:\WINDOWS\system32\mswsock.dll
0x00007ffe2f290000 - 0x00007ffe2f2a2000 	C:\Program Files\Java\jdk11\bin\nio.dll
0x00007ffe70d20000 - 0x00007ffe70d38000 	C:\WINDOWS\SYSTEM32\CRYPTSP.dll
0x00007ffe70450000 - 0x00007ffe70484000 	C:\WINDOWS\system32\rsaenh.dll
0x00007ffe72410000 - 0x00007ffe72437000 	C:\WINDOWS\System32\bcrypt.dll
0x00007ffe71a30000 - 0x00007ffe71a5e000 	C:\WINDOWS\SYSTEM32\USERENV.dll
0x00007ffe70d40000 - 0x00007ffe70d4c000 	C:\WINDOWS\SYSTEM32\CRYPTBASE.dll
0x00007ffe70820000 - 0x00007ffe7085b000 	C:\WINDOWS\SYSTEM32\IPHLPAPI.DLL
0x00007ffe726f0000 - 0x00007ffe726f8000 	C:\WINDOWS\System32\NSI.dll
0x00007ffe6bf40000 - 0x00007ffe6bf57000 	C:\WINDOWS\SYSTEM32\dhcpcsvc6.DLL
0x00007ffe6bed0000 - 0x00007ffe6beed000 	C:\WINDOWS\SYSTEM32\dhcpcsvc.DLL
0x00007ffe70860000 - 0x00007ffe7092b000 	C:\WINDOWS\SYSTEM32\DNSAPI.dll
0x00007ffe39270000 - 0x00007ffe3927a000 	C:\Users\4193783\AppData\Local\Temp\jansi-1.17.1-7544419402881434595.dll
0x00007ffe37600000 - 0x00007ffe3760a000 	C:\Users\4193783\AppData\Local\Temp\jansi-1.17.1-10259191486745738031.dll

dbghelp: loaded successfully - version: 4.0.5 - missing functions: none
symbol engine: initialized successfully - sym options: 0x614 - pdb path: .;C:\Program Files\Java\jdk11\bin;C:\WINDOWS\SYSTEM32;C:\WINDOWS\WinSxS\amd64_microsoft.windows.common-controls_6595b64144ccf1df_6.0.19041.1110_none_60b5254171f9507e;C:\Program Files\Citrix\System32;C:\Program Files\Citrix\IcaService;C:\Program Files\McAfee\Endpoint Security\Threat Prevention\Ips;C:\Program Files\Java\jdk11\bin\server;C:\Users\4193783\AppData\Local\Temp

VM Arguments:
jvm_args: -Dmaven.home=EMBEDDED -Dclassworlds.conf=\\ispedcw030d.inf.fedex.com\vdi_oz_u3\4193783\Desktop\GQ_UI Automation Project\.metadata\.plugins\org.eclipse.m2e.launching\launches\m2conf16894391620653722587.tmp -Dmaven.multiModuleProjectDirectory=\\ISPEDCW030D.INF.FEDEX.COM\vdi_oz_u3\4193783\Desktop\GQ_UI Automation Project\gq_ui_testautomation -Dfile.encoding=Cp1252 
java_command: org.codehaus.plexus.classworlds.launcher.Launcher -B -gs \\ispedcw030d.inf.fedex.com\vdi_oz_u3\4193783\Documents\Maven\new_set.xml -s \\ispedcw030d.inf.fedex.com\vdi_oz_u3\4193783\Documents\Maven\new_set.xml test
java_class_path (initial): C:\Progs\Eclipse\eclipse-jee-2021-09\plugins\org.eclipse.m2e.maven.runtime_1.18.1.20211011-2139\jars\plexus-classworlds-2.6.0.jar
Launcher Type: SUN_STANDARD

[Global flags]
     intx CICompilerCount                          = 2                                         {product} {ergonomic}
     uint ConcGCThreads                            = 1                                         {product} {ergonomic}
     uint G1ConcRefinementThreads                  = 2                                         {product} {ergonomic}
   size_t G1HeapRegionSize                         = 1048576                                   {product} {ergonomic}
    uintx GCDrainStackTargetSize                   = 64                                        {product} {ergonomic}
   size_t InitialHeapSize                          = 201326592                                 {product} {ergonomic}
   size_t MarkStackSize                            = 4194304                                   {product} {ergonomic}
   size_t MaxHeapSize                              = 3221225472                                {product} {ergonomic}
   size_t MaxNewSize                               = 1932525568                                {product} {ergonomic}
   size_t MinHeapDeltaBytes                        = 1048576                                   {product} {ergonomic}
    uintx NonNMethodCodeHeapSize                   = 5825164                                {pd product} {ergonomic}
    uintx NonProfiledCodeHeapSize                  = 122916538                              {pd product} {ergonomic}
    uintx ProfiledCodeHeapSize                     = 122916538                              {pd product} {ergonomic}
    uintx ReservedCodeCacheSize                    = 251658240                              {pd product} {ergonomic}
     bool SegmentedCodeCache                       = true                                      {product} {ergonomic}
     bool UseCompressedClassPointers               = true                                 {lp64_product} {ergonomic}
     bool UseCompressedOops                        = true                                 {lp64_product} {ergonomic}
     bool UseG1GC                                  = true                                      {product} {ergonomic}
     bool UseLargePagesIndividualAllocation        = false                                  {pd product} {ergonomic}

Logging:
Log output configuration:
 #0: stdout all=warning uptime,level,tags
 #1: stderr all=off uptime,level,tags

Environment Variables:
JAVA_HOME=C:\Program Files\Java\jdk8
JRE_HOME=C:\Program Files\Java\jre8
PATH=C:/Program Files/Java/jdk11/bin/server;C:/Program Files/Java/jdk11/bin;C:\Program Files\Java\jdk8\bin;C:\Program Files (x86)\Common Files\Citrix\System32;C:\Windows\system32;C:\Windows;C:\Windows\System32\Wbem;C:\Program Files\Citrix\System32\;C:\Program Files\Citrix\ICAService\;C:\WINDOWS\System32\WindowsPowerShell\v1.0\;c:\Program Files (x86)\Microsoft SQL Server\110\Tools\Binn\;C:\Oracle\Oracle12c\product\12.2.0\client_1\bin;C:\Program Files (x86)\Common Files\Oracle\Java\javapath;c:\Program Files\Microsoft SQL Server\110\Tools\Binn\;C:\ProgramData\Oracle\Java\javapath;C:\Program Files (x86)\Microsoft SDKs\Azure\CLI2\wbin;c:\Program Files\Microsoft SQL Server\110\DTS\Binn\;C:\Program Files\dotnet\;C:\Program Files\Microsoft SQL Server\130\Tools\Binn\;C:\Progs\gradle\gradle-7.1.1\bin;C:\Program Files\Git\cmd;C:\Program Files\Cloud Foundry;C:\Progs\nodeJs\node-v14.15.4-win-x64;C:\WINDOWS\System32\WindowsPowerShell\v1.0\;C:\Program Files\Salesforce CLI\bin;C:\Program Files (x86)\Yarn\bin\;C:\Program Files\Citrix\Virtual Desktop Agent\;C:\Program Files (x86)\GitExtensions\;C:\Program Files\Python39\Scripts\;C:\Program Files\Python39\;C:\Program Files\SASHome\x86\Secure\ccme4;C:\Program Files\SASHome\Secure\ccme4;C:\Program Files\PuTTY\;C:\Program Files\Python37\Scripts\;C:\Program Files\Python37\;C:\Program Files (x86)\tools\;C:\Progs\apache-ant-1.8.4\bin;C:\Progs\apache-maven-3.5.4\bin;C:\Program Files (x86)\Micro Focus\Unified Functional Testing\bin;C:\Program Files\Microsoft\Azure Functions Core Tools\;C:\Progs\AndroidStudioSDK\tools;C:\Progs\AndroidStudioSDK\tools\bin;C:\Program Files (x86)\Microsoft SQL Server\150\DTS\Binn\;C:\Program Files\Azure Data Studio\bin;C:\Program Files (x86)\Fiddler;c:\progs\kubectl;c:\progs\helm;c:\Program Files (x86)\Microsoft SQL Server\90\Tools\binn\;C:\Program Files (x86)\CA\AllFusion Gen\Gen\;C:\Program Files (x86)\CA\AllFusion Gen\;C:\Program Files (x86)\seagull\BlueZone 6.1;C:\Program Files\nodejs\;C:\Program Files\PostgreSQL
USERNAME=4193783
OS=Windows_NT
PROCESSOR_IDENTIFIER=Intel64 Family 6 Model 85 Stepping 4, GenuineIntel



---------------  S Y S T E M  ---------------

OS: Windows 10 , 64 bit Build 19041 (10.0.19041.1348)
VMWare virtualization detected
vSphere host information:
host.cpu.processorMHz = 2194
host.cpu.coresPerPkg = 14

vSphere resource information collected at VM startup:
vm.cpu.reserved = 0
vm.cpu.limit = -1
vm.cpu.used = 15765212420
vm.cpu.contention.cpu = 902150001
vm.cpu.contention.mem = 0
vm.numa.local = 8816640
vm.numa.remote = 3766272
guest.mem.reserved = 0
guest.mem.limit = -1
guest.mem.mapped = 12582912
guest.mem.consumed = 12582912
guest.mem.swapped = 0
guest.mem.ballooned = 0
guest.mem.swapIn = 0
guest.mem.swapOut = 0
ovhd.mem.swapped = 0
ovhd.mem.swapIn = 0
ovhd.mem.swapOut = 0

vSphere resource information available now:
vm.cpu.reserved = 0
vm.cpu.limit = -1
vm.cpu.used = 15872022188
vm.cpu.contention.cpu = 906710763
vm.cpu.contention.mem = 0
vm.numa.local = 9308160
vm.numa.remote = 3274752
guest.mem.reserved = 0
guest.mem.limit = -1
guest.mem.mapped = 12582912
guest.mem.consumed = 12582912
guest.mem.swapped = 0
guest.mem.ballooned = 0
guest.mem.swapIn = 0
guest.mem.swapOut = 0
ovhd.mem.swapped = 0
ovhd.mem.swapIn = 0
ovhd.mem.swapOut = 0


CPU:total 2 (initial active 2) (1 cores per cpu, 1 threads per core) family 6 model 85 stepping 4 microcode 0x2006906, cmov, cx8, fxsr, mmx, sse, sse2, sse3, ssse3, sse4.1, sse4.2, popcnt, avx, avx2, aes, clmul, erms, 3dnowpref, lzcnt, tsc, tscinvbit, bmi1, bmi2, adx, fma

Memory: 4k page, system-wide physical 12287M (511M free)
TotalPageFile size 13311M (AvailPageFile size 3M)
current process WorkingSet (physical memory assigned to process): 176M, peak: 196M
current process commit charge ("private bytes"): 304M, peak: 326M

vm_info: Java HotSpot(TM) 64-Bit Server VM (11.0.14.0.1+1-LTS-3) for windows-amd64 JRE (11.0.14.0.1+1-LTS-3), built on Dec 22 2021 16:19:16 by "mach5one" with MS VC++ 15.9 (VS2017)

END.
